<?xml version="1.0" encoding="UTF-8"?>
<!-- Generated by org.testng.reporters.JUnitXMLReporter -->
<testsuite ignored="0" hostname="DESKTOP-6T5BH1R" failures="1" tests="4" name="Test" time="11.795" errors="0" timestamp="2024-01-31T00:37:12 EST">
  <testcase classname="testPackage.LoginClass" name="login" time="11.735"/>
  <testcase classname="testPackage.LoginClass" name="method1" time="0.0"/>
  <testcase classname="testPackage.LoginClass" name="method2" time="0.0"/>
  <testcase classname="testPackage.LoginClass" name="method3" time="0.015">
    <failure type="java.lang.AssertionError" message="expected [true] but found [false]">
      <![CDATA[java.lang.AssertionError: expected [true] but found [false]
at testPackage.LoginClass.method3(LoginClass.java:46)
at java.base/java.util.ArrayList.forEach(ArrayList.java:1541)
... Removed 34 stack frames]]>
    </failure>
  </testcase> <!-- method3 -->
</testsuite> <!-- Test -->
