<?xml version="1.0" encoding="UTF-8"?>
<testng-results ignored="0" total="1" passed="1" failed="0" skipped="0">
  <reporter-output>
  </reporter-output>
  <suite started-at="2024-01-30T05:45:49 EST" name="Suite" finished-at="2024-01-30T05:46:03 EST" duration-ms="14117">
    <groups>
    </groups>
    <test started-at="2024-01-30T05:45:49 EST" name="Test" finished-at="2024-01-30T05:46:03 EST" duration-ms="14117">
      <class name="testPackage.LoginClass">
        <test-method signature="login()[pri:0, instance:testPackage.LoginClass@385e9564]" started-at="2024-01-30T05:45:49 EST" name="login" finished-at="2024-01-30T05:46:03 EST" duration-ms="14083" status="PASS">
          <reporter-output>
          </reporter-output>
        </test-method> <!-- login -->
      </class> <!-- testPackage.LoginClass -->
    </test> <!-- Test -->
  </suite> <!-- Suite -->
</testng-results>
