<?xml version="1.0" encoding="UTF-8"?>
<testsuite name="TestSuite" time="11.759" tests="4" errors="0" skipped="0" failures="1">
  <properties>
[...]
</properties>
  <testcase name="login" classname="testPackage.LoginClass" time="11.739"/>
  <testcase name="method1" classname="testPackage.LoginClass" time="0"/>
  <testcase name="method2" classname="testPackage.LoginClass" time="0"/>
  <testcase name="method3" classname="testPackage.LoginClass" time="0.02">
    <failure message="expected [true] but found [false]" type="java.lang.AssertionError">java.lang.AssertionError: expected [true] but found [false]
	at org.testng.Assert.fail(Assert.java:110)
	at org.testng.Assert.failNotEquals(Assert.java:1413)
	at org.testng.Assert.assertTrue(Assert.java:56)
	at org.testng.Assert.assertTrue(Assert.java:66)
	at testPackage.LoginClass.method3(LoginClass.java:46)
</failure>
    <system-out><![CDATA[My 3 method
]]></system-out>
  </testcase>
</testsuite>