<?xml version="1.0" encoding="UTF-8"?>
<testng-results ignored="0" total="1" passed="1" failed="0" skipped="0">
  <reporter-output>
  </reporter-output>
  <suite started-at="2024-01-30T05:29:33 EST" name="Default suite" finished-at="2024-01-30T05:29:45 EST" duration-ms="12242">
    <groups>
    </groups>
    <test started-at="2024-01-30T05:29:33 EST" name="Default test" finished-at="2024-01-30T05:29:45 EST" duration-ms="12242">
      <class name="testPackage.LoginClass">
        <test-method signature="login()[pri:0, instance:testPackage.LoginClass@2805d709]" started-at="2024-01-30T05:29:33 EST" name="login" finished-at="2024-01-30T05:29:45 EST" duration-ms="12204" status="PASS">
          <reporter-output>
          </reporter-output>
        </test-method> <!-- login -->
      </class> <!-- testPackage.LoginClass -->
    </test> <!-- Default test -->
  </suite> <!-- Default suite -->
</testng-results>
